<?xml version="1.0" encoding="UTF-8"?>
<!-- Generated by org.testng.reporters.JUnitReportReporter -->
<testsuite skipped="0" hostname="LM0001701" name="com.tests.TestCase1" tests="1" failures="0" timestamp="2023-04-03T14:33:51 IST" time="51.466" errors="0">
  <testcase name="validateJob" time="51.466" classname="com.tests.TestCase1"/>
  <system-out/>
</testsuite> <!-- com.tests.TestCase1 -->
