<?xml version="1.0" encoding="UTF-8"?>
<!-- Generated by org.testng.reporters.JUnitReportReporter -->
<testsuite skipped="0" hostname="LM0001701" name="com.tests.TestCase2" tests="2" failures="0" timestamp="2023-04-03T14:33:51 IST" time="4.941" errors="0">
  <testcase name="validateGetCall" time="3.316" classname="com.tests.TestCase2"/>
  <system-out/>
  <testcase name="ValidatePost" time="1.625" classname="com.tests.TestCase2"/>
  <system-out/>
</testsuite> <!-- com.tests.TestCase2 -->
